<?xml version="1.0" encoding="UTF-8"?>
<testsuite name="co.com.ceiba.estacionamiento.gabriel.gonzalez.util.ValidationUtilityTest" tests="5" skipped="0" failures="0" errors="0" timestamp="2019-04-11T00:16:45" hostname="3RO-PCEIDRKBZM2" time="0.029">
  <properties/>
  <testcase name="whenCapacityIsAchieve_thenvalidateEntryThrowsExc" classname="co.com.ceiba.estacionamiento.gabriel.gonzalez.util.ValidationUtilityTest" time="0.01"/>
  <testcase name="whenInvalidType_thenvalidateEntryThrowsExc" classname="co.com.ceiba.estacionamiento.gabriel.gonzalez.util.ValidationUtilityTest" time="0.004"/>
  <testcase name="whenMotoCapacityIsAchieve_thenvalidateEntryThrowsExc" classname="co.com.ceiba.estacionamiento.gabriel.gonzalez.util.ValidationUtilityTest" time="0.003"/>
  <testcase name="whenPlacaStarsByA_thenvalidateEntryThrowsExc" classname="co.com.ceiba.estacionamiento.gabriel.gonzalez.util.ValidationUtilityTest" time="0.004"/>
  <testcase name="whenHaveRegister_thenvalidateEntryThrowsExc" classname="co.com.ceiba.estacionamiento.gabriel.gonzalez.util.ValidationUtilityTest" time="0.003"/>
  <system-out><![CDATA[2019-04-10 19:16:45.635  INFO 13972 --- [    Test worker] .b.t.c.SpringBootTestContextBootstrapper : Neither @ContextConfiguration nor @ContextHierarchy found for test class [co.com.ceiba.estacionamiento.gabriel.gonzalez.util.ValidationUtilityTest], using SpringBootContextLoader
2019-04-10 19:16:45.636  INFO 13972 --- [    Test worker] o.s.t.c.support.AbstractContextLoader    : Could not detect default resource locations for test class [co.com.ceiba.estacionamiento.gabriel.gonzalez.util.ValidationUtilityTest]: no resource found for suffixes {-context.xml, Context.groovy}.
2019-04-10 19:16:45.636  INFO 13972 --- [    Test worker] t.c.s.AnnotationConfigContextLoaderUtils : Could not detect default configuration classes for test class [co.com.ceiba.estacionamiento.gabriel.gonzalez.util.ValidationUtilityTest]: ValidationUtilityTest does not declare any static, non-private, non-final, nested classes annotated with @Configuration.
2019-04-10 19:16:45.638  INFO 13972 --- [    Test worker] .b.t.c.SpringBootTestContextBootstrapper : Found @SpringBootConfiguration co.com.ceiba.estacionamiento.gabriel.gonzalez.ParqueaderoinadnApplication for test class co.com.ceiba.estacionamiento.gabriel.gonzalez.util.ValidationUtilityTest
2019-04-10 19:16:45.640  INFO 13972 --- [    Test worker] .b.t.c.SpringBootTestContextBootstrapper : Loaded default TestExecutionListener class names from location [META-INF/spring.factories]: [org.springframework.boot.test.autoconfigure.restdocs.RestDocsTestExecutionListener, org.springframework.boot.test.autoconfigure.web.client.MockRestServiceServerResetTestExecutionListener, org.springframework.boot.test.autoconfigure.web.servlet.MockMvcPrintOnlyOnFailureTestExecutionListener, org.springframework.boot.test.autoconfigure.web.servlet.WebDriverTestExecutionListener, org.springframework.boot.test.mock.mockito.MockitoTestExecutionListener, org.springframework.boot.test.mock.mockito.ResetMocksTestExecutionListener, org.springframework.test.context.web.ServletTestExecutionListener, org.springframework.test.context.support.DirtiesContextBeforeModesTestExecutionListener, org.springframework.test.context.support.DependencyInjectionTestExecutionListener, org.springframework.test.context.support.DirtiesContextTestExecutionListener, org.springframework.test.context.transaction.TransactionalTestExecutionListener, org.springframework.test.context.jdbc.SqlScriptsTestExecutionListener]
2019-04-10 19:16:45.641  INFO 13972 --- [    Test worker] .b.t.c.SpringBootTestContextBootstrapper : Using TestExecutionListeners: [org.springframework.test.context.web.ServletTestExecutionListener@7987ac0a, org.springframework.test.context.support.DirtiesContextBeforeModesTestExecutionListener@522b790b, org.springframework.boot.test.mock.mockito.MockitoTestExecutionListener@58aaed80, org.springframework.boot.test.autoconfigure.SpringBootDependencyInjectionTestExecutionListener@1c62637f, org.springframework.test.context.support.DirtiesContextTestExecutionListener@58416b05, org.springframework.test.context.transaction.TransactionalTestExecutionListener@51aba227, org.springframework.test.context.jdbc.SqlScriptsTestExecutionListener@5e62837f, org.springframework.boot.test.autoconfigure.restdocs.RestDocsTestExecutionListener@51946a57, org.springframework.boot.test.autoconfigure.web.client.MockRestServiceServerResetTestExecutionListener@2de2a23, org.springframework.boot.test.autoconfigure.web.servlet.MockMvcPrintOnlyOnFailureTestExecutionListener@e681ac5, org.springframework.boot.test.autoconfigure.web.servlet.WebDriverTestExecutionListener@445b090c, org.springframework.boot.test.mock.mockito.ResetMocksTestExecutionListener@36ef0502]
]]></system-out>
  <system-err><![CDATA[]]></system-err>
</testsuite>
