<?xml version="1.0" encoding="UTF-8"?>
<testsuite name="co.com.ceiba.estacionamiento.gabriel.gonzalez.services.RegistroParqueoServiceIntTest" tests="7" skipped="0" failures="0" errors="0" timestamp="2019-04-11T00:16:44" hostname="3RO-PCEIDRKBZM2" time="0.522">
  <properties/>
  <testcase name="saveTest" classname="co.com.ceiba.estacionamiento.gabriel.gonzalez.services.RegistroParqueoServiceIntTest" time="0.216"/>
  <testcase name="vehiclesCurrentlyParked" classname="co.com.ceiba.estacionamiento.gabriel.gonzalez.services.RegistroParqueoServiceIntTest" time="0.061"/>
  <testcase name="updateTest" classname="co.com.ceiba.estacionamiento.gabriel.gonzalez.services.RegistroParqueoServiceIntTest" time="0.038"/>
  <testcase name="registroByPlacaTest" classname="co.com.ceiba.estacionamiento.gabriel.gonzalez.services.RegistroParqueoServiceIntTest" time="0.054"/>
  <testcase name="saveTestNewVehicle" classname="co.com.ceiba.estacionamiento.gabriel.gonzalez.services.RegistroParqueoServiceIntTest" time="0.033"/>
  <testcase name="calcularPago" classname="co.com.ceiba.estacionamiento.gabriel.gonzalez.services.RegistroParqueoServiceIntTest" time="0.081"/>
  <testcase name="validateEntryTest" classname="co.com.ceiba.estacionamiento.gabriel.gonzalez.services.RegistroParqueoServiceIntTest" time="0.032"/>
  <system-out><![CDATA[2019-04-10 19:16:44.224  INFO 13972 --- [    Test worker] .b.t.c.SpringBootTestContextBootstrapper : Neither @ContextConfiguration nor @ContextHierarchy found for test class [co.com.ceiba.estacionamiento.gabriel.gonzalez.services.RegistroParqueoServiceIntTest], using SpringBootContextLoader
2019-04-10 19:16:44.225  INFO 13972 --- [    Test worker] o.s.t.c.support.AbstractContextLoader    : Could not detect default resource locations for test class [co.com.ceiba.estacionamiento.gabriel.gonzalez.services.RegistroParqueoServiceIntTest]: no resource found for suffixes {-context.xml, Context.groovy}.
2019-04-10 19:16:44.225  INFO 13972 --- [    Test worker] t.c.s.AnnotationConfigContextLoaderUtils : Could not detect default configuration classes for test class [co.com.ceiba.estacionamiento.gabriel.gonzalez.services.RegistroParqueoServiceIntTest]: RegistroParqueoServiceIntTest does not declare any static, non-private, non-final, nested classes annotated with @Configuration.
2019-04-10 19:16:44.253  INFO 13972 --- [    Test worker] .b.t.c.SpringBootTestContextBootstrapper : Found @SpringBootConfiguration co.com.ceiba.estacionamiento.gabriel.gonzalez.ParqueaderoinadnApplication for test class co.com.ceiba.estacionamiento.gabriel.gonzalez.services.RegistroParqueoServiceIntTest
2019-04-10 19:16:44.256  INFO 13972 --- [    Test worker] .b.t.c.SpringBootTestContextBootstrapper : Loaded default TestExecutionListener class names from location [META-INF/spring.factories]: [org.springframework.boot.test.autoconfigure.restdocs.RestDocsTestExecutionListener, org.springframework.boot.test.autoconfigure.web.client.MockRestServiceServerResetTestExecutionListener, org.springframework.boot.test.autoconfigure.web.servlet.MockMvcPrintOnlyOnFailureTestExecutionListener, org.springframework.boot.test.autoconfigure.web.servlet.WebDriverTestExecutionListener, org.springframework.boot.test.mock.mockito.MockitoTestExecutionListener, org.springframework.boot.test.mock.mockito.ResetMocksTestExecutionListener, org.springframework.test.context.web.ServletTestExecutionListener, org.springframework.test.context.support.DirtiesContextBeforeModesTestExecutionListener, org.springframework.test.context.support.DependencyInjectionTestExecutionListener, org.springframework.test.context.support.DirtiesContextTestExecutionListener, org.springframework.test.context.transaction.TransactionalTestExecutionListener, org.springframework.test.context.jdbc.SqlScriptsTestExecutionListener]
2019-04-10 19:16:44.258  INFO 13972 --- [    Test worker] .b.t.c.SpringBootTestContextBootstrapper : Using TestExecutionListeners: [org.springframework.test.context.web.ServletTestExecutionListener@39f90c0e, org.springframework.test.context.support.DirtiesContextBeforeModesTestExecutionListener@5a44cc1f, org.springframework.boot.test.mock.mockito.MockitoTestExecutionListener@700df0ea, org.springframework.boot.test.autoconfigure.SpringBootDependencyInjectionTestExecutionListener@44f66085, org.springframework.test.context.support.DirtiesContextTestExecutionListener@351e8d69, org.springframework.test.context.transaction.TransactionalTestExecutionListener@49469be1, org.springframework.test.context.jdbc.SqlScriptsTestExecutionListener@5653b883, org.springframework.boot.test.autoconfigure.restdocs.RestDocsTestExecutionListener@21561884, org.springframework.boot.test.autoconfigure.web.client.MockRestServiceServerResetTestExecutionListener@60e2ac02, org.springframework.boot.test.autoconfigure.web.servlet.MockMvcPrintOnlyOnFailureTestExecutionListener@1d06ba6c, org.springframework.boot.test.autoconfigure.web.servlet.WebDriverTestExecutionListener@56da9eef, org.springframework.boot.test.mock.mockito.ResetMocksTestExecutionListener@47d92e88]
]]></system-out>
  <system-err><![CDATA[]]></system-err>
</testsuite>
