<?xml version="1.0" encoding="UTF-8"?>
<testsuite name="co.com.ceiba.estacionamiento.gabriel.gonzalez.services.VehiculoServiceImplTest" tests="2" skipped="0" failures="0" errors="0" timestamp="2019-04-11T00:16:45" hostname="3RO-PCEIDRKBZM2" time="0.017">
  <properties/>
  <testcase name="saveTest" classname="co.com.ceiba.estacionamiento.gabriel.gonzalez.services.VehiculoServiceImplTest" time="0.013"/>
  <testcase name="findAllTest" classname="co.com.ceiba.estacionamiento.gabriel.gonzalez.services.VehiculoServiceImplTest" time="0.003"/>
  <system-out><![CDATA[2019-04-10 19:16:45.559  INFO 13972 --- [    Test worker] .b.t.c.SpringBootTestContextBootstrapper : Neither @ContextConfiguration nor @ContextHierarchy found for test class [co.com.ceiba.estacionamiento.gabriel.gonzalez.services.VehiculoServiceImplTest], using SpringBootContextLoader
2019-04-10 19:16:45.562  INFO 13972 --- [    Test worker] o.s.t.c.support.AbstractContextLoader    : Could not detect default resource locations for test class [co.com.ceiba.estacionamiento.gabriel.gonzalez.services.VehiculoServiceImplTest]: no resource found for suffixes {-context.xml, Context.groovy}.
2019-04-10 19:16:45.562  INFO 13972 --- [    Test worker] t.c.s.AnnotationConfigContextLoaderUtils : Could not detect default configuration classes for test class [co.com.ceiba.estacionamiento.gabriel.gonzalez.services.VehiculoServiceImplTest]: VehiculoServiceImplTest does not declare any static, non-private, non-final, nested classes annotated with @Configuration.
2019-04-10 19:16:45.566  INFO 13972 --- [    Test worker] .b.t.c.SpringBootTestContextBootstrapper : Found @SpringBootConfiguration co.com.ceiba.estacionamiento.gabriel.gonzalez.ParqueaderoinadnApplication for test class co.com.ceiba.estacionamiento.gabriel.gonzalez.services.VehiculoServiceImplTest
2019-04-10 19:16:45.568  INFO 13972 --- [    Test worker] .b.t.c.SpringBootTestContextBootstrapper : Loaded default TestExecutionListener class names from location [META-INF/spring.factories]: [org.springframework.boot.test.autoconfigure.restdocs.RestDocsTestExecutionListener, org.springframework.boot.test.autoconfigure.web.client.MockRestServiceServerResetTestExecutionListener, org.springframework.boot.test.autoconfigure.web.servlet.MockMvcPrintOnlyOnFailureTestExecutionListener, org.springframework.boot.test.autoconfigure.web.servlet.WebDriverTestExecutionListener, org.springframework.boot.test.mock.mockito.MockitoTestExecutionListener, org.springframework.boot.test.mock.mockito.ResetMocksTestExecutionListener, org.springframework.test.context.web.ServletTestExecutionListener, org.springframework.test.context.support.DirtiesContextBeforeModesTestExecutionListener, org.springframework.test.context.support.DependencyInjectionTestExecutionListener, org.springframework.test.context.support.DirtiesContextTestExecutionListener, org.springframework.test.context.transaction.TransactionalTestExecutionListener, org.springframework.test.context.jdbc.SqlScriptsTestExecutionListener]
2019-04-10 19:16:45.569  INFO 13972 --- [    Test worker] .b.t.c.SpringBootTestContextBootstrapper : Using TestExecutionListeners: [org.springframework.test.context.web.ServletTestExecutionListener@5ca54767, org.springframework.test.context.support.DirtiesContextBeforeModesTestExecutionListener@3f242e6, org.springframework.boot.test.mock.mockito.MockitoTestExecutionListener@468a57d0, org.springframework.boot.test.autoconfigure.SpringBootDependencyInjectionTestExecutionListener@180dbcf6, org.springframework.test.context.support.DirtiesContextTestExecutionListener@6ee55eef, org.springframework.test.context.transaction.TransactionalTestExecutionListener@7f91c4a7, org.springframework.test.context.jdbc.SqlScriptsTestExecutionListener@6b313852, org.springframework.boot.test.autoconfigure.restdocs.RestDocsTestExecutionListener@1eaed3ce, org.springframework.boot.test.autoconfigure.web.client.MockRestServiceServerResetTestExecutionListener@5af8e4d2, org.springframework.boot.test.autoconfigure.web.servlet.MockMvcPrintOnlyOnFailureTestExecutionListener@2b3da7d6, org.springframework.boot.test.autoconfigure.web.servlet.WebDriverTestExecutionListener@492cf94b, org.springframework.boot.test.mock.mockito.ResetMocksTestExecutionListener@21747303]
]]></system-out>
  <system-err><![CDATA[]]></system-err>
</testsuite>
