<?xml version="1.0" encoding="UTF-8"?>
<testsuite name="co.com.ceiba.estacionamiento.gabriel.gonzalez.repository.IVehiculoRepositoryTest" tests="1" skipped="0" failures="0" errors="0" timestamp="2019-04-11T00:16:44" hostname="3RO-PCEIDRKBZM2" time="0.116">
  <properties/>
  <testcase name="findbyPlacaTest" classname="co.com.ceiba.estacionamiento.gabriel.gonzalez.repository.IVehiculoRepositoryTest" time="0.116"/>
  <system-out><![CDATA[2019-04-10 19:16:44.082  INFO 13972 --- [    Test worker] .b.t.c.SpringBootTestContextBootstrapper : Neither @ContextConfiguration nor @ContextHierarchy found for test class [co.com.ceiba.estacionamiento.gabriel.gonzalez.repository.IVehiculoRepositoryTest], using SpringBootContextLoader
2019-04-10 19:16:44.083  INFO 13972 --- [    Test worker] o.s.t.c.support.AbstractContextLoader    : Could not detect default resource locations for test class [co.com.ceiba.estacionamiento.gabriel.gonzalez.repository.IVehiculoRepositoryTest]: no resource found for suffixes {-context.xml, Context.groovy}.
2019-04-10 19:16:44.084  INFO 13972 --- [    Test worker] t.c.s.AnnotationConfigContextLoaderUtils : Could not detect default configuration classes for test class [co.com.ceiba.estacionamiento.gabriel.gonzalez.repository.IVehiculoRepositoryTest]: IVehiculoRepositoryTest does not declare any static, non-private, non-final, nested classes annotated with @Configuration.
2019-04-10 19:16:44.089  INFO 13972 --- [    Test worker] .b.t.c.SpringBootTestContextBootstrapper : Found @SpringBootConfiguration co.com.ceiba.estacionamiento.gabriel.gonzalez.ParqueaderoinadnApplication for test class co.com.ceiba.estacionamiento.gabriel.gonzalez.repository.IVehiculoRepositoryTest
2019-04-10 19:16:44.090  INFO 13972 --- [    Test worker] .b.t.c.SpringBootTestContextBootstrapper : Loaded default TestExecutionListener class names from location [META-INF/spring.factories]: [org.springframework.boot.test.autoconfigure.restdocs.RestDocsTestExecutionListener, org.springframework.boot.test.autoconfigure.web.client.MockRestServiceServerResetTestExecutionListener, org.springframework.boot.test.autoconfigure.web.servlet.MockMvcPrintOnlyOnFailureTestExecutionListener, org.springframework.boot.test.autoconfigure.web.servlet.WebDriverTestExecutionListener, org.springframework.boot.test.mock.mockito.MockitoTestExecutionListener, org.springframework.boot.test.mock.mockito.ResetMocksTestExecutionListener, org.springframework.test.context.web.ServletTestExecutionListener, org.springframework.test.context.support.DirtiesContextBeforeModesTestExecutionListener, org.springframework.test.context.support.DependencyInjectionTestExecutionListener, org.springframework.test.context.support.DirtiesContextTestExecutionListener, org.springframework.test.context.transaction.TransactionalTestExecutionListener, org.springframework.test.context.jdbc.SqlScriptsTestExecutionListener]
2019-04-10 19:16:44.090  INFO 13972 --- [    Test worker] .b.t.c.SpringBootTestContextBootstrapper : Using TestExecutionListeners: [org.springframework.test.context.web.ServletTestExecutionListener@7a1632c5, org.springframework.test.context.support.DirtiesContextBeforeModesTestExecutionListener@135f4473, org.springframework.boot.test.mock.mockito.MockitoTestExecutionListener@75de1e0d, org.springframework.boot.test.autoconfigure.SpringBootDependencyInjectionTestExecutionListener@44bd0ff, org.springframework.test.context.support.DirtiesContextTestExecutionListener@4f005aa9, org.springframework.test.context.transaction.TransactionalTestExecutionListener@2615f3e6, org.springframework.test.context.jdbc.SqlScriptsTestExecutionListener@233eaf5f, org.springframework.boot.test.autoconfigure.restdocs.RestDocsTestExecutionListener@79284fef, org.springframework.boot.test.autoconfigure.web.client.MockRestServiceServerResetTestExecutionListener@34b09771, org.springframework.boot.test.autoconfigure.web.servlet.MockMvcPrintOnlyOnFailureTestExecutionListener@3db3c8c2, org.springframework.boot.test.autoconfigure.web.servlet.WebDriverTestExecutionListener@6b21dc7c, org.springframework.boot.test.mock.mockito.ResetMocksTestExecutionListener@50cda1c0]
2019-04-10 19:16:44.106  INFO 13972 --- [    Test worker] o.s.t.c.transaction.TransactionContext   : Began transaction (1) for test context [DefaultTestContext@31d3f38c testClass = IVehiculoRepositoryTest, testInstance = co.com.ceiba.estacionamiento.gabriel.gonzalez.repository.IVehiculoRepositoryTest@5f68a5f8, testMethod = findbyPlacaTest@IVehiculoRepositoryTest, testException = [null], mergedContextConfiguration = [MergedContextConfiguration@2f980428 testClass = IVehiculoRepositoryTest, locations = '{}', classes = '{class co.com.ceiba.estacionamiento.gabriel.gonzalez.ParqueaderoinadnApplication}', contextInitializerClasses = '[]', activeProfiles = '{}', propertySourceLocations = '{}', propertySourceProperties = '{org.springframework.boot.test.context.SpringBootTestContextBootstrapper=true}', contextCustomizers = set[org.springframework.boot.test.autoconfigure.OverrideAutoConfigurationContextCustomizerFactory$DisableAutoConfigurationContextCustomizer@65bdf605, org.springframework.boot.test.autoconfigure.filter.TypeExcludeFiltersContextCustomizer@351584c0, org.springframework.boot.test.autoconfigure.properties.PropertyMappingContextCustomizer@bf5ff4f2, org.springframework.boot.test.autoconfigure.web.servlet.WebDriverContextCustomizerFactory$Customizer@65af826a, [ImportsContextCustomizer@689aebe9 key = [org.springframework.boot.autoconfigure.cache.CacheAutoConfiguration, org.springframework.boot.autoconfigure.data.jpa.JpaRepositoriesAutoConfiguration, org.springframework.boot.autoconfigure.flyway.FlywayAutoConfiguration, org.springframework.boot.autoconfigure.jdbc.DataSourceAutoConfiguration, org.springframework.boot.autoconfigure.jdbc.DataSourceTransactionManagerAutoConfiguration, org.springframework.boot.autoconfigure.jdbc.JdbcTemplateAutoConfiguration, org.springframework.boot.autoconfigure.liquibase.LiquibaseAutoConfiguration, org.springframework.boot.autoconfigure.orm.jpa.HibernateJpaAutoConfiguration, org.springframework.boot.autoconfigure.transaction.TransactionAutoConfiguration, org.springframework.boot.test.autoconfigure.jdbc.TestDatabaseAutoConfiguration, org.springframework.boot.test.autoconfigure.orm.jpa.TestEntityManagerAutoConfiguration]], org.springframework.boot.test.context.filter.ExcludeFilterContextCustomizer@4167f47d, org.springframework.boot.test.json.DuplicateJsonObjectContextCustomizerFactory$DuplicateJsonObjectContextCustomizer@7028ac0d, org.springframework.boot.test.mock.mockito.MockitoContextCustomizer@0], contextLoader = 'org.springframework.boot.test.context.SpringBootContextLoader', parent = [null]], attributes = map[[empty]]]; transaction manager [org.springframework.orm.jpa.JpaTransactionManager@3195efc]; rollback [true]
Hibernate: insert into vehiculos (id, cilindraje, placa, tipo) values (null, ?, ?, ?)
Hibernate: select vehiculo0_.id as id1_2_, vehiculo0_.cilindraje as cilindra2_2_, vehiculo0_.placa as placa3_2_, vehiculo0_.tipo as tipo4_2_ from vehiculos vehiculo0_ where vehiculo0_.placa=?
2019-04-10 19:16:44.219  INFO 13972 --- [    Test worker] o.s.t.c.transaction.TransactionContext   : Rolled back transaction for test: [DefaultTestContext@31d3f38c testClass = IVehiculoRepositoryTest, testInstance = co.com.ceiba.estacionamiento.gabriel.gonzalez.repository.IVehiculoRepositoryTest@5f68a5f8, testMethod = findbyPlacaTest@IVehiculoRepositoryTest, testException = [null], mergedContextConfiguration = [MergedContextConfiguration@2f980428 testClass = IVehiculoRepositoryTest, locations = '{}', classes = '{class co.com.ceiba.estacionamiento.gabriel.gonzalez.ParqueaderoinadnApplication}', contextInitializerClasses = '[]', activeProfiles = '{}', propertySourceLocations = '{}', propertySourceProperties = '{org.springframework.boot.test.context.SpringBootTestContextBootstrapper=true}', contextCustomizers = set[org.springframework.boot.test.autoconfigure.OverrideAutoConfigurationContextCustomizerFactory$DisableAutoConfigurationContextCustomizer@65bdf605, org.springframework.boot.test.autoconfigure.filter.TypeExcludeFiltersContextCustomizer@351584c0, org.springframework.boot.test.autoconfigure.properties.PropertyMappingContextCustomizer@bf5ff4f2, org.springframework.boot.test.autoconfigure.web.servlet.WebDriverContextCustomizerFactory$Customizer@65af826a, [ImportsContextCustomizer@689aebe9 key = [org.springframework.boot.autoconfigure.cache.CacheAutoConfiguration, org.springframework.boot.autoconfigure.data.jpa.JpaRepositoriesAutoConfiguration, org.springframework.boot.autoconfigure.flyway.FlywayAutoConfiguration, org.springframework.boot.autoconfigure.jdbc.DataSourceAutoConfiguration, org.springframework.boot.autoconfigure.jdbc.DataSourceTransactionManagerAutoConfiguration, org.springframework.boot.autoconfigure.jdbc.JdbcTemplateAutoConfiguration, org.springframework.boot.autoconfigure.liquibase.LiquibaseAutoConfiguration, org.springframework.boot.autoconfigure.orm.jpa.HibernateJpaAutoConfiguration, org.springframework.boot.autoconfigure.transaction.TransactionAutoConfiguration, org.springframework.boot.test.autoconfigure.jdbc.TestDatabaseAutoConfiguration, org.springframework.boot.test.autoconfigure.orm.jpa.TestEntityManagerAutoConfiguration]], org.springframework.boot.test.context.filter.ExcludeFilterContextCustomizer@4167f47d, org.springframework.boot.test.json.DuplicateJsonObjectContextCustomizerFactory$DuplicateJsonObjectContextCustomizer@7028ac0d, org.springframework.boot.test.mock.mockito.MockitoContextCustomizer@0], contextLoader = 'org.springframework.boot.test.context.SpringBootContextLoader', parent = [null]], attributes = map[[empty]]]
]]></system-out>
  <system-err><![CDATA[]]></system-err>
</testsuite>
