<?xml version="1.0" encoding="UTF-8"?>
<testsuite name="co.com.ceiba.estacionamiento.gabriel.gonzalez.util.CalculaPagoUtilityTest" tests="2" skipped="0" failures="0" errors="0" timestamp="2019-04-11T00:16:45" hostname="3RO-PCEIDRKBZM2" time="0.014">
  <properties/>
  <testcase name="calcularpagoCarroTest" classname="co.com.ceiba.estacionamiento.gabriel.gonzalez.util.CalculaPagoUtilityTest" time="0.007"/>
  <testcase name="calcularpagoMotoTest" classname="co.com.ceiba.estacionamiento.gabriel.gonzalez.util.CalculaPagoUtilityTest" time="0.006"/>
  <system-out><![CDATA[2019-04-10 19:16:45.591  INFO 13972 --- [    Test worker] .b.t.c.SpringBootTestContextBootstrapper : Neither @ContextConfiguration nor @ContextHierarchy found for test class [co.com.ceiba.estacionamiento.gabriel.gonzalez.util.CalculaPagoUtilityTest], using SpringBootContextLoader
2019-04-10 19:16:45.592  INFO 13972 --- [    Test worker] o.s.t.c.support.AbstractContextLoader    : Could not detect default resource locations for test class [co.com.ceiba.estacionamiento.gabriel.gonzalez.util.CalculaPagoUtilityTest]: no resource found for suffixes {-context.xml, Context.groovy}.
2019-04-10 19:16:45.592  INFO 13972 --- [    Test worker] t.c.s.AnnotationConfigContextLoaderUtils : Could not detect default configuration classes for test class [co.com.ceiba.estacionamiento.gabriel.gonzalez.util.CalculaPagoUtilityTest]: CalculaPagoUtilityTest does not declare any static, non-private, non-final, nested classes annotated with @Configuration.
2019-04-10 19:16:45.607  INFO 13972 --- [    Test worker] .b.t.c.SpringBootTestContextBootstrapper : Found @SpringBootConfiguration co.com.ceiba.estacionamiento.gabriel.gonzalez.ParqueaderoinadnApplication for test class co.com.ceiba.estacionamiento.gabriel.gonzalez.util.CalculaPagoUtilityTest
2019-04-10 19:16:45.610  INFO 13972 --- [    Test worker] .b.t.c.SpringBootTestContextBootstrapper : Loaded default TestExecutionListener class names from location [META-INF/spring.factories]: [org.springframework.boot.test.autoconfigure.restdocs.RestDocsTestExecutionListener, org.springframework.boot.test.autoconfigure.web.client.MockRestServiceServerResetTestExecutionListener, org.springframework.boot.test.autoconfigure.web.servlet.MockMvcPrintOnlyOnFailureTestExecutionListener, org.springframework.boot.test.autoconfigure.web.servlet.WebDriverTestExecutionListener, org.springframework.boot.test.mock.mockito.MockitoTestExecutionListener, org.springframework.boot.test.mock.mockito.ResetMocksTestExecutionListener, org.springframework.test.context.web.ServletTestExecutionListener, org.springframework.test.context.support.DirtiesContextBeforeModesTestExecutionListener, org.springframework.test.context.support.DependencyInjectionTestExecutionListener, org.springframework.test.context.support.DirtiesContextTestExecutionListener, org.springframework.test.context.transaction.TransactionalTestExecutionListener, org.springframework.test.context.jdbc.SqlScriptsTestExecutionListener]
2019-04-10 19:16:45.611  INFO 13972 --- [    Test worker] .b.t.c.SpringBootTestContextBootstrapper : Using TestExecutionListeners: [org.springframework.test.context.web.ServletTestExecutionListener@5186827, org.springframework.test.context.support.DirtiesContextBeforeModesTestExecutionListener@a4bb512, org.springframework.boot.test.mock.mockito.MockitoTestExecutionListener@4295c94f, org.springframework.boot.test.autoconfigure.SpringBootDependencyInjectionTestExecutionListener@24778b2b, org.springframework.test.context.support.DirtiesContextTestExecutionListener@62e886d2, org.springframework.test.context.transaction.TransactionalTestExecutionListener@355c5cb8, org.springframework.test.context.jdbc.SqlScriptsTestExecutionListener@59ef24ed, org.springframework.boot.test.autoconfigure.restdocs.RestDocsTestExecutionListener@4159c228, org.springframework.boot.test.autoconfigure.web.client.MockRestServiceServerResetTestExecutionListener@672102c7, org.springframework.boot.test.autoconfigure.web.servlet.MockMvcPrintOnlyOnFailureTestExecutionListener@30cf3b07, org.springframework.boot.test.autoconfigure.web.servlet.WebDriverTestExecutionListener@10a7a9bf, org.springframework.boot.test.mock.mockito.ResetMocksTestExecutionListener@1f606101]
]]></system-out>
  <system-err><![CDATA[]]></system-err>
</testsuite>
