<?xml version="1.0" encoding="UTF-8"?>
<testsuite name="co.com.ceiba.estacionamiento.gabriel.gonzalez.services.RegistroParqueoServiceUnitTest" tests="4" skipped="0" failures="0" errors="0" timestamp="2019-04-11T00:16:45" hostname="3RO-PCEIDRKBZM2" time="0.067">
  <properties/>
  <testcase name="whenCapacityIsAchieve_thenvalidateEntryThrowsExc" classname="co.com.ceiba.estacionamiento.gabriel.gonzalez.services.RegistroParqueoServiceUnitTest" time="0.046"/>
  <testcase name="whenInvalidType_thenvalidateEntryThrowsExc" classname="co.com.ceiba.estacionamiento.gabriel.gonzalez.services.RegistroParqueoServiceUnitTest" time="0.003"/>
  <testcase name="whenPlacaStarsByA_thenvalidateEntryThrowsExc" classname="co.com.ceiba.estacionamiento.gabriel.gonzalez.services.RegistroParqueoServiceUnitTest" time="0.011"/>
  <testcase name="whenHaveRegister_thenvalidateEntryThrowsExc" classname="co.com.ceiba.estacionamiento.gabriel.gonzalez.services.RegistroParqueoServiceUnitTest" time="0.004"/>
  <system-out><![CDATA[2019-04-10 19:16:44.798  INFO 13972 --- [    Test worker] o.s.t.c.s.DefaultTestContextBootstrapper : Neither @ContextConfiguration nor @ContextHierarchy found for test class [co.com.ceiba.estacionamiento.gabriel.gonzalez.services.RegistroParqueoServiceUnitTest], using DelegatingSmartContextLoader
2019-04-10 19:16:44.800  INFO 13972 --- [    Test worker] o.s.t.c.support.AbstractContextLoader    : Could not detect default resource locations for test class [co.com.ceiba.estacionamiento.gabriel.gonzalez.services.RegistroParqueoServiceUnitTest]: no resource found for suffixes {-context.xml}.
2019-04-10 19:16:44.800  INFO 13972 --- [    Test worker] t.c.s.AnnotationConfigContextLoaderUtils : Could not detect default configuration classes for test class [co.com.ceiba.estacionamiento.gabriel.gonzalez.services.RegistroParqueoServiceUnitTest]: RegistroParqueoServiceUnitTest does not declare any static, non-private, non-final, nested classes annotated with @Configuration.
2019-04-10 19:16:44.806  INFO 13972 --- [    Test worker] o.s.t.c.s.DefaultTestContextBootstrapper : Loaded default TestExecutionListener class names from location [META-INF/spring.factories]: [org.springframework.boot.test.autoconfigure.restdocs.RestDocsTestExecutionListener, org.springframework.boot.test.autoconfigure.web.client.MockRestServiceServerResetTestExecutionListener, org.springframework.boot.test.autoconfigure.web.servlet.MockMvcPrintOnlyOnFailureTestExecutionListener, org.springframework.boot.test.autoconfigure.web.servlet.WebDriverTestExecutionListener, org.springframework.boot.test.mock.mockito.MockitoTestExecutionListener, org.springframework.boot.test.mock.mockito.ResetMocksTestExecutionListener, org.springframework.test.context.web.ServletTestExecutionListener, org.springframework.test.context.support.DirtiesContextBeforeModesTestExecutionListener, org.springframework.test.context.support.DependencyInjectionTestExecutionListener, org.springframework.test.context.support.DirtiesContextTestExecutionListener, org.springframework.test.context.transaction.TransactionalTestExecutionListener, org.springframework.test.context.jdbc.SqlScriptsTestExecutionListener]
2019-04-10 19:16:44.808  INFO 13972 --- [    Test worker] o.s.t.c.s.DefaultTestContextBootstrapper : Using TestExecutionListeners: [org.springframework.test.context.web.ServletTestExecutionListener@37ae7864, org.springframework.test.context.support.DirtiesContextBeforeModesTestExecutionListener@7546caac, org.springframework.boot.test.mock.mockito.MockitoTestExecutionListener@43428ae4, org.springframework.test.context.support.DependencyInjectionTestExecutionListener@149a32fe, org.springframework.test.context.support.DirtiesContextTestExecutionListener@50330551, org.springframework.test.context.transaction.TransactionalTestExecutionListener@13e3a651, org.springframework.test.context.jdbc.SqlScriptsTestExecutionListener@44211b63, org.springframework.boot.test.autoconfigure.restdocs.RestDocsTestExecutionListener@1e9ccdb, org.springframework.boot.test.autoconfigure.web.client.MockRestServiceServerResetTestExecutionListener@49b8583a, org.springframework.boot.test.autoconfigure.web.servlet.MockMvcPrintOnlyOnFailureTestExecutionListener@4767ae72, org.springframework.boot.test.autoconfigure.web.servlet.WebDriverTestExecutionListener@b515ffe, org.springframework.boot.test.mock.mockito.ResetMocksTestExecutionListener@4491d55b]
2019-04-10 19:16:44.811  INFO 13972 --- [    Test worker] o.s.c.support.GenericApplicationContext  : Refreshing org.springframework.context.support.GenericApplicationContext@34a2182b: startup date [Wed Apr 10 19:16:44 COT 2019]; root of context hierarchy
]]></system-out>
  <system-err><![CDATA[]]></system-err>
</testsuite>
