<?xml version="1.0" encoding="UTF-8"?>
<testsuite name="co.com.ceiba.estacionamiento.gabriel.gonzalez.ParqueaderoinadnApplicationTests" tests="1" skipped="0" failures="0" errors="0" timestamp="2019-04-11T00:16:43" hostname="3RO-PCEIDRKBZM2" time="0.005">
  <properties/>
  <testcase name="contextLoads" classname="co.com.ceiba.estacionamiento.gabriel.gonzalez.ParqueaderoinadnApplicationTests" time="0.005"/>
  <system-out><![CDATA[2019-04-10 19:16:41.427  INFO 13972 --- [    Test worker] .b.t.c.SpringBootTestContextBootstrapper : Neither @ContextConfiguration nor @ContextHierarchy found for test class [co.com.ceiba.estacionamiento.gabriel.gonzalez.ParqueaderoinadnApplicationTests], using SpringBootContextLoader
2019-04-10 19:16:41.429  INFO 13972 --- [    Test worker] o.s.t.c.support.AbstractContextLoader    : Could not detect default resource locations for test class [co.com.ceiba.estacionamiento.gabriel.gonzalez.ParqueaderoinadnApplicationTests]: no resource found for suffixes {-context.xml, Context.groovy}.
2019-04-10 19:16:41.429  INFO 13972 --- [    Test worker] t.c.s.AnnotationConfigContextLoaderUtils : Could not detect default configuration classes for test class [co.com.ceiba.estacionamiento.gabriel.gonzalez.ParqueaderoinadnApplicationTests]: ParqueaderoinadnApplicationTests does not declare any static, non-private, non-final, nested classes annotated with @Configuration.
2019-04-10 19:16:41.439  INFO 13972 --- [    Test worker] .b.t.c.SpringBootTestContextBootstrapper : Found @SpringBootConfiguration co.com.ceiba.estacionamiento.gabriel.gonzalez.ParqueaderoinadnApplication for test class co.com.ceiba.estacionamiento.gabriel.gonzalez.ParqueaderoinadnApplicationTests
2019-04-10 19:16:41.443  INFO 13972 --- [    Test worker] .b.t.c.SpringBootTestContextBootstrapper : Loaded default TestExecutionListener class names from location [META-INF/spring.factories]: [org.springframework.boot.test.autoconfigure.restdocs.RestDocsTestExecutionListener, org.springframework.boot.test.autoconfigure.web.client.MockRestServiceServerResetTestExecutionListener, org.springframework.boot.test.autoconfigure.web.servlet.MockMvcPrintOnlyOnFailureTestExecutionListener, org.springframework.boot.test.autoconfigure.web.servlet.WebDriverTestExecutionListener, org.springframework.boot.test.mock.mockito.MockitoTestExecutionListener, org.springframework.boot.test.mock.mockito.ResetMocksTestExecutionListener, org.springframework.test.context.web.ServletTestExecutionListener, org.springframework.test.context.support.DirtiesContextBeforeModesTestExecutionListener, org.springframework.test.context.support.DependencyInjectionTestExecutionListener, org.springframework.test.context.support.DirtiesContextTestExecutionListener, org.springframework.test.context.transaction.TransactionalTestExecutionListener, org.springframework.test.context.jdbc.SqlScriptsTestExecutionListener]
2019-04-10 19:16:41.445  INFO 13972 --- [    Test worker] .b.t.c.SpringBootTestContextBootstrapper : Using TestExecutionListeners: [org.springframework.test.context.web.ServletTestExecutionListener@74214683, org.springframework.test.context.support.DirtiesContextBeforeModesTestExecutionListener@33358cf1, org.springframework.boot.test.mock.mockito.MockitoTestExecutionListener@489be534, org.springframework.boot.test.autoconfigure.SpringBootDependencyInjectionTestExecutionListener@4ea267ec, org.springframework.test.context.support.DirtiesContextTestExecutionListener@304935e5, org.springframework.test.context.transaction.TransactionalTestExecutionListener@2f846519, org.springframework.test.context.jdbc.SqlScriptsTestExecutionListener@38218798, org.springframework.boot.test.autoconfigure.restdocs.RestDocsTestExecutionListener@65610a77, org.springframework.boot.test.autoconfigure.web.client.MockRestServiceServerResetTestExecutionListener@1cfefd23, org.springframework.boot.test.autoconfigure.web.servlet.MockMvcPrintOnlyOnFailureTestExecutionListener@10deff08, org.springframework.boot.test.autoconfigure.web.servlet.WebDriverTestExecutionListener@2477b7cc, org.springframework.boot.test.mock.mockito.ResetMocksTestExecutionListener@49283387]
--------------------------------------------------------------------------
Application Name : 
Application Version : 
Application Formatted Version : 
Spring Boot Version : ${spring-boot-version}
Spring Boot Formatted Version :  (v2.0.3.RELEASE)
--------------------------------------------------------------------------
	 Spring boot banner customization example
--------------------------------------------------------------------------
2019-04-10 19:16:41.487  INFO 13972 --- [    Test worker] c.e.g.g.ParqueaderoinadnApplicationTests : Starting ParqueaderoinadnApplicationTests on 3RO-PCEIDRKBZM2 with PID 13972 (started by juangoho in C:\Users\juangoho\Documents\workspace-sts-3.9.7.RELEASE\ceiba-parqueadero(gabriel.gonzalez))
2019-04-10 19:16:41.487  INFO 13972 --- [    Test worker] c.e.g.g.ParqueaderoinadnApplicationTests : No active profile set, falling back to default profiles: default
2019-04-10 19:16:41.492  INFO 13972 --- [    Test worker] o.s.w.c.s.GenericWebApplicationContext   : Refreshing org.springframework.web.context.support.GenericWebApplicationContext@addcac: startup date [Wed Apr 10 19:16:41 COT 2019]; root of context hierarchy
2019-04-10 19:16:41.975  INFO 13972 --- [    Test worker] trationDelegate$BeanPostProcessorChecker : Bean 'org.springframework.transaction.annotation.ProxyTransactionManagementConfiguration' of type [org.springframework.transaction.annotation.ProxyTransactionManagementConfiguration$$EnhancerBySpringCGLIB$$f3ff9449] is not eligible for getting processed by all BeanPostProcessors (for example: not eligible for auto-proxying)
2019-04-10 19:16:42.102  INFO 13972 --- [    Test worker] com.zaxxer.hikari.HikariDataSource       : HikariPool-2 - Starting...
2019-04-10 19:16:42.107  INFO 13972 --- [    Test worker] com.zaxxer.hikari.HikariDataSource       : HikariPool-2 - Start completed.
2019-04-10 19:16:42.133  INFO 13972 --- [    Test worker] j.LocalContainerEntityManagerFactoryBean : Building JPA container EntityManagerFactory for persistence unit 'default'
2019-04-10 19:16:42.134  INFO 13972 --- [    Test worker] o.hibernate.jpa.internal.util.LogHelper  : HHH000204: Processing PersistenceUnitInfo [
	name: default
	...]
2019-04-10 19:16:42.153  INFO 13972 --- [    Test worker] org.hibernate.dialect.Dialect            : HHH000400: Using dialect: org.hibernate.dialect.H2Dialect
2019-04-10 19:16:42.246  INFO 13972 --- [    Test worker] o.h.t.schema.internal.SchemaCreatorImpl  : HHH000476: Executing import script 'ScriptSourceInputFromUrl(file:/C:/Users/juangoho/Documents/workspace-sts-3.9.7.RELEASE/ceiba-parqueadero(gabriel.gonzalez)/build/resources/main/import.sql)'
2019-04-10 19:16:42.258  INFO 13972 --- [    Test worker] j.LocalContainerEntityManagerFactoryBean : Initialized JPA EntityManagerFactory for persistence unit 'default'
2019-04-10 19:16:42.359  INFO 13972 --- [    Test worker] o.h.h.i.QueryTranslatorFactoryInitiator  : HHH000397: Using ASTQueryTranslatorFactory
2019-04-10 19:16:42.625  INFO 13972 --- [    Test worker] o.s.w.s.handler.SimpleUrlHandlerMapping  : Mapped URL path [/**/favicon.ico] onto handler of type [class org.springframework.web.servlet.resource.ResourceHttpRequestHandler]
2019-04-10 19:16:42.794  INFO 13972 --- [    Test worker] s.w.s.m.m.a.RequestMappingHandlerAdapter : Looking for @ControllerAdvice: org.springframework.web.context.support.GenericWebApplicationContext@addcac: startup date [Wed Apr 10 19:16:41 COT 2019]; root of context hierarchy
2019-04-10 19:16:42.806  WARN 13972 --- [    Test worker] aWebConfiguration$JpaWebMvcConfiguration : spring.jpa.open-in-view is enabled by default. Therefore, database queries may be performed during view rendering. Explicitly configure spring.jpa.open-in-view to disable this warning
2019-04-10 19:16:42.826  INFO 13972 --- [    Test worker] s.w.s.m.m.a.RequestMappingHandlerMapping : Mapped "{[/api/registrosParqueo],methods=[GET]}" onto public java.util.List<co.com.ceiba.estacionamiento.gabriel.gonzalez.models.RegistroParqueoModel> co.com.ceiba.estacionamiento.gabriel.gonzalez.controllers.ParqueaderoRestController.listarRegistrosActivos()
2019-04-10 19:16:42.827  INFO 13972 --- [    Test worker] s.w.s.m.m.a.RequestMappingHandlerMapping : Mapped "{[/api/registrosParqueo],methods=[POST]}" onto public org.springframework.http.ResponseEntity<co.com.ceiba.estacionamiento.gabriel.gonzalez.models.RegistroParqueoModel> co.com.ceiba.estacionamiento.gabriel.gonzalez.controllers.ParqueaderoRestController.registrarParqueo(co.com.ceiba.estacionamiento.gabriel.gonzalez.models.RegistroParqueoModel)
2019-04-10 19:16:42.828  INFO 13972 --- [    Test worker] s.w.s.m.m.a.RequestMappingHandlerMapping : Mapped "{[/api/registrosParqueo/{placa}],methods=[GET]}" onto public co.com.ceiba.estacionamiento.gabriel.gonzalez.models.RegistroParqueoModel co.com.ceiba.estacionamiento.gabriel.gonzalez.controllers.ParqueaderoRestController.obtenerRegistro(java.lang.String)
2019-04-10 19:16:42.829  INFO 13972 --- [    Test worker] s.w.s.m.m.a.RequestMappingHandlerMapping : Mapped "{[/api/registrosParqueo/{placa}/{estado}],methods=[GET]}" onto public co.com.ceiba.estacionamiento.gabriel.gonzalez.models.RegistroParqueoModel co.com.ceiba.estacionamiento.gabriel.gonzalez.controllers.ParqueaderoRestController.obtenerRegistroSalida(java.lang.String,java.lang.String)
2019-04-10 19:16:42.830  INFO 13972 --- [    Test worker] s.w.s.m.m.a.RequestMappingHandlerMapping : Mapped "{[/api/registrosParqueo/{placa}],methods=[PUT]}" onto public co.com.ceiba.estacionamiento.gabriel.gonzalez.models.RegistroParqueoModel co.com.ceiba.estacionamiento.gabriel.gonzalez.controllers.ParqueaderoRestController.actualizarParqueo(co.com.ceiba.estacionamiento.gabriel.gonzalez.models.RegistroParqueoModel,java.lang.String)
2019-04-10 19:16:42.832  INFO 13972 --- [    Test worker] s.w.s.m.m.a.RequestMappingHandlerMapping : Mapped "{[/error]}" onto public org.springframework.http.ResponseEntity<java.util.Map<java.lang.String, java.lang.Object>> org.springframework.boot.autoconfigure.web.servlet.error.BasicErrorController.error(javax.servlet.http.HttpServletRequest)
2019-04-10 19:16:42.833  INFO 13972 --- [    Test worker] s.w.s.m.m.a.RequestMappingHandlerMapping : Mapped "{[/error],produces=[text/html]}" onto public org.springframework.web.servlet.ModelAndView org.springframework.boot.autoconfigure.web.servlet.error.BasicErrorController.errorHtml(javax.servlet.http.HttpServletRequest,javax.servlet.http.HttpServletResponse)
2019-04-10 19:16:42.860  INFO 13972 --- [    Test worker] o.s.w.s.handler.SimpleUrlHandlerMapping  : Mapped URL path [/webjars/**] onto handler of type [class org.springframework.web.servlet.resource.ResourceHttpRequestHandler]
2019-04-10 19:16:42.860  INFO 13972 --- [    Test worker] o.s.w.s.handler.SimpleUrlHandlerMapping  : Mapped URL path [/**] onto handler of type [class org.springframework.web.servlet.resource.ResourceHttpRequestHandler]
2019-04-10 19:16:43.134  INFO 13972 --- [    Test worker] c.e.g.g.ParqueaderoinadnApplicationTests : Started ParqueaderoinadnApplicationTests in 1.686 seconds (JVM running for 16.622)
]]></system-out>
  <system-err><![CDATA[]]></system-err>
</testsuite>
